2026-02-04 22:16:08 [ERROR]: uncaughtException: authController is not defined
ReferenceError: authController is not defined
    at Object.<anonymous> (C:\Users\Hp\Desktop\PAYLOOM INSTANTS\backend\src\routes\auth.js:98:46)
    at Module._compile (node:internal/modules/cjs/loader:1761:14)
    at Object..js (node:internal/modules/cjs/loader:1893:10)
    at Module.load (node:internal/modules/cjs/loader:1481:32)
    at Module._load (node:internal/modules/cjs/loader:1300:12)
    at TracingChannel.traceSync (node:diagnostics_channel:328:14)
    at wrapModuleLoad (node:internal/modules/cjs/loader:245:24)
    at Module.require (node:internal/modules/cjs/loader:1504:12)
    at require (node:internal/modules/helpers:152:16)
    at Object.<anonymous> (C:\Users\Hp\Desktop\PAYLOOM INSTANTS\backend\server.js:12:20)
ReferenceError: authController is not defined
    at Object.<anonymous> (C:\Users\Hp\Desktop\PAYLOOM INSTANTS\backend\src\routes\auth.js:98:46)
    at Module._compile (node:internal/modules/cjs/loader:1761:14)
    at Object..js (node:internal/modules/cjs/loader:1893:10)
    at Module.load (node:internal/modules/cjs/loader:1481:32)
    at Module._load (node:internal/modules/cjs/loader:1300:12)
    at TracingChannel.traceSync (node:diagnostics_channel:328:14)
    at wrapModuleLoad (node:internal/modules/cjs/loader:245:24)
    at Module.require (node:internal/modules/cjs/loader:1504:12)
    at require (node:internal/modules/helpers:152:16)
    at Object.<anonymous> (C:\Users\Hp\Desktop\PAYLOOM INSTANTS\backend\server.js:12:20)
{
  "error": {},
  "exception": true,
  "date": "Wed Feb 04 2026 22:16:08 GMT+0300 (East Africa Time)",
  "process": {
    "pid": 14364,
    "uid": null,
    "gid": null,
    "cwd": "C:\\Users\\Hp\\Desktop\\PAYLOOM INSTANTS\\backend",
    "execPath": "C:\\Program Files\\nodejs\\node.exe",
    "version": "v24.12.0",
    "argv": [
      "C:\\Program Files\\nodejs\\node.exe",
      "C:\\Users\\Hp\\Desktop\\PAYLOOM INSTANTS\\backend\\server.js"
    ],
    "memoryUsage": {
      "rss": 85426176,
      "heapTotal": 58445824,
      "heapUsed": 28891288,
      "external": 20800150,
      "arrayBuffers": 18264736
    }
  },
  "os": {
    "loadavg": [
      0,
      0,
      0
    ],
    "uptime": 108265.281
  },
  "trace": [
    {
      "column": 46,
      "file": "C:\\Users\\Hp\\Desktop\\PAYLOOM INSTANTS\\backend\\src\\routes\\auth.js",
      "function": null,
      "line": 98,
      "method": null,
      "native": false
    },
    {
      "column": 14,
      "file": "node:internal/modules/cjs/loader",
      "function": "Module._compile",
      "line": 1761,
      "method": "_compile",
      "native": false
    },
    {
      "column": 10,
      "file": "node:internal/modules/cjs/loader",
      "function": "Object..js",
      "line": 1893,
      "method": ".js",
      "native": false
    },
    {
      "column": 32,
      "file": "node:internal/modules/cjs/loader",
      "function": "Module.load",
      "line": 1481,
      "method": "load",
      "native": false
    },
    {
      "column": 12,
      "file": "node:internal/modules/cjs/loader",
      "function": "Module._load",
      "line": 1300,
      "method": "_load",
      "native": false
    },
    {
      "column": 14,
      "file": "node:diagnostics_channel",
      "function": "TracingChannel.traceSync",
      "line": 328,
      "method": "traceSync",
      "native": false
    },
    {
      "column": 24,
      "file": "node:internal/modules/cjs/loader",
      "function": "wrapModuleLoad",
      "line": 245,
      "method": null,
      "native": false
    },
    {
      "column": 12,
      "file": "node:internal/modules/cjs/loader",
      "function": "Module.require",
      "line": 1504,
      "method": "require",
      "native": false
    },
    {
      "column": 16,
      "file": "node:internal/modules/helpers",
      "function": "require",
      "line": 152,
      "method": null,
      "native": false
    },
    {
      "column": 20,
      "file": "C:\\Users\\Hp\\Desktop\\PAYLOOM INSTANTS\\backend\\server.js",
      "function": null,
      "line": 12,
      "method": null,
      "native": false
    }
  ],
  "service": "payloom-api"
}
2026-02-04 22:16:38 [ERROR]: uncaughtException: authController is not defined
ReferenceError: authController is not defined
    at Object.<anonymous> (C:\Users\Hp\Desktop\PAYLOOM INSTANTS\backend\src\routes\auth.js:98:46)
    at Module._compile (node:internal/modules/cjs/loader:1761:14)
    at Object..js (node:internal/modules/cjs/loader:1893:10)
    at Module.load (node:internal/modules/cjs/loader:1481:32)
    at Module._load (node:internal/modules/cjs/loader:1300:12)
    at TracingChannel.traceSync (node:diagnostics_channel:328:14)
    at wrapModuleLoad (node:internal/modules/cjs/loader:245:24)
    at Module.require (node:internal/modules/cjs/loader:1504:12)
    at require (node:internal/modules/helpers:152:16)
    at Object.<anonymous> (C:\Users\Hp\Desktop\PAYLOOM INSTANTS\backend\server.js:12:20)
ReferenceError: authController is not defined
    at Object.<anonymous> (C:\Users\Hp\Desktop\PAYLOOM INSTANTS\backend\src\routes\auth.js:98:46)
    at Module._compile (node:internal/modules/cjs/loader:1761:14)
    at Object..js (node:internal/modules/cjs/loader:1893:10)
    at Module.load (node:internal/modules/cjs/loader:1481:32)
    at Module._load (node:internal/modules/cjs/loader:1300:12)
    at TracingChannel.traceSync (node:diagnostics_channel:328:14)
    at wrapModuleLoad (node:internal/modules/cjs/loader:245:24)
    at Module.require (node:internal/modules/cjs/loader:1504:12)
    at require (node:internal/modules/helpers:152:16)
    at Object.<anonymous> (C:\Users\Hp\Desktop\PAYLOOM INSTANTS\backend\server.js:12:20)
{
  "error": {},
  "exception": true,
  "date": "Wed Feb 04 2026 22:16:38 GMT+0300 (East Africa Time)",
  "process": {
    "pid": 13380,
    "uid": null,
    "gid": null,
    "cwd": "C:\\Users\\Hp\\Desktop\\PAYLOOM INSTANTS\\backend",
    "execPath": "C:\\Program Files\\nodejs\\node.exe",
    "version": "v24.12.0",
    "argv": [
      "C:\\Program Files\\nodejs\\node.exe",
      "C:\\Users\\Hp\\Desktop\\PAYLOOM INSTANTS\\backend\\server.js"
    ],
    "memoryUsage": {
      "rss": 85471232,
      "heapTotal": 57925632,
      "heapUsed": 32093064,
      "external": 20800158,
      "arrayBuffers": 18264744
    }
  },
  "os": {
    "loadavg": [
      0,
      0,
      0
    ],
    "uptime": 108295.125
  },
  "trace": [
    {
      "column": 46,
      "file": "C:\\Users\\Hp\\Desktop\\PAYLOOM INSTANTS\\backend\\src\\routes\\auth.js",
      "function": null,
      "line": 98,
      "method": null,
      "native": false
    },
    {
      "column": 14,
      "file": "node:internal/modules/cjs/loader",
      "function": "Module._compile",
      "line": 1761,
      "method": "_compile",
      "native": false
    },
    {
      "column": 10,
      "file": "node:internal/modules/cjs/loader",
      "function": "Object..js",
      "line": 1893,
      "method": ".js",
      "native": false
    },
    {
      "column": 32,
      "file": "node:internal/modules/cjs/loader",
      "function": "Module.load",
      "line": 1481,
      "method": "load",
      "native": false
    },
    {
      "column": 12,
      "file": "node:internal/modules/cjs/loader",
      "function": "Module._load",
      "line": 1300,
      "method": "_load",
      "native": false
    },
    {
      "column": 14,
      "file": "node:diagnostics_channel",
      "function": "TracingChannel.traceSync",
      "line": 328,
      "method": "traceSync",
      "native": false
    },
    {
      "column": 24,
      "file": "node:internal/modules/cjs/loader",
      "function": "wrapModuleLoad",
      "line": 245,
      "method": null,
      "native": false
    },
    {
      "column": 12,
      "file": "node:internal/modules/cjs/loader",
      "function": "Module.require",
      "line": 1504,
      "method": "require",
      "native": false
    },
    {
      "column": 16,
      "file": "node:internal/modules/helpers",
      "function": "require",
      "line": 152,
      "method": null,
      "native": false
    },
    {
      "column": 20,
      "file": "C:\\Users\\Hp\\Desktop\\PAYLOOM INSTANTS\\backend\\server.js",
      "function": null,
      "line": 12,
      "method": null,
      "native": false
    }
  ],
  "service": "payloom-api"
}
2026-02-04 22:16:44 [ERROR]: uncaughtException: authController is not defined
ReferenceError: authController is not defined
    at Object.<anonymous> (C:\Users\Hp\Desktop\PAYLOOM INSTANTS\backend\src\routes\auth.js:98:46)
    at Module._compile (node:internal/modules/cjs/loader:1761:14)
    at Object..js (node:internal/modules/cjs/loader:1893:10)
    at Module.load (node:internal/modules/cjs/loader:1481:32)
    at Module._load (node:internal/modules/cjs/loader:1300:12)
    at TracingChannel.traceSync (node:diagnostics_channel:328:14)
    at wrapModuleLoad (node:internal/modules/cjs/loader:245:24)
    at Module.require (node:internal/modules/cjs/loader:1504:12)
    at require (node:internal/modules/helpers:152:16)
    at Object.<anonymous> (C:\Users\Hp\Desktop\PAYLOOM INSTANTS\backend\server.js:12:20)
ReferenceError: authController is not defined
    at Object.<anonymous> (C:\Users\Hp\Desktop\PAYLOOM INSTANTS\backend\src\routes\auth.js:98:46)
    at Module._compile (node:internal/modules/cjs/loader:1761:14)
    at Object..js (node:internal/modules/cjs/loader:1893:10)
    at Module.load (node:internal/modules/cjs/loader:1481:32)
    at Module._load (node:internal/modules/cjs/loader:1300:12)
    at TracingChannel.traceSync (node:diagnostics_channel:328:14)
    at wrapModuleLoad (node:internal/modules/cjs/loader:245:24)
    at Module.require (node:internal/modules/cjs/loader:1504:12)
    at require (node:internal/modules/helpers:152:16)
    at Object.<anonymous> (C:\Users\Hp\Desktop\PAYLOOM INSTANTS\backend\server.js:12:20)
{
  "error": {},
  "exception": true,
  "date": "Wed Feb 04 2026 22:16:44 GMT+0300 (East Africa Time)",
  "process": {
    "pid": 2856,
    "uid": null,
    "gid": null,
    "cwd": "C:\\Users\\Hp\\Desktop\\PAYLOOM INSTANTS\\backend",
    "execPath": "C:\\Program Files\\nodejs\\node.exe",
    "version": "v24.12.0",
    "argv": [
      "C:\\Program Files\\nodejs\\node.exe",
      "C:\\Users\\Hp\\Desktop\\PAYLOOM INSTANTS\\backend\\server.js"
    ],
    "memoryUsage": {
      "rss": 85667840,
      "heapTotal": 58445824,
      "heapUsed": 29491776,
      "external": 20800150,
      "arrayBuffers": 18264736
    }
  },
  "os": {
    "loadavg": [
      0,
      0,
      0
    ],
    "uptime": 108301.375
  },
  "trace": [
    {
      "column": 46,
      "file": "C:\\Users\\Hp\\Desktop\\PAYLOOM INSTANTS\\backend\\src\\routes\\auth.js",
      "function": null,
      "line": 98,
      "method": null,
      "native": false
    },
    {
      "column": 14,
      "file": "node:internal/modules/cjs/loader",
      "function": "Module._compile",
      "line": 1761,
      "method": "_compile",
      "native": false
    },
    {
      "column": 10,
      "file": "node:internal/modules/cjs/loader",
      "function": "Object..js",
      "line": 1893,
      "method": ".js",
      "native": false
    },
    {
      "column": 32,
      "file": "node:internal/modules/cjs/loader",
      "function": "Module.load",
      "line": 1481,
      "method": "load",
      "native": false
    },
    {
      "column": 12,
      "file": "node:internal/modules/cjs/loader",
      "function": "Module._load",
      "line": 1300,
      "method": "_load",
      "native": false
    },
    {
      "column": 14,
      "file": "node:diagnostics_channel",
      "function": "TracingChannel.traceSync",
      "line": 328,
      "method": "traceSync",
      "native": false
    },
    {
      "column": 24,
      "file": "node:internal/modules/cjs/loader",
      "function": "wrapModuleLoad",
      "line": 245,
      "method": null,
      "native": false
    },
    {
      "column": 12,
      "file": "node:internal/modules/cjs/loader",
      "function": "Module.require",
      "line": 1504,
      "method": "require",
      "native": false
    },
    {
      "column": 16,
      "file": "node:internal/modules/helpers",
      "function": "require",
      "line": 152,
      "method": null,
      "native": false
    },
    {
      "column": 20,
      "file": "C:\\Users\\Hp\\Desktop\\PAYLOOM INSTANTS\\backend\\server.js",
      "function": null,
      "line": 12,
      "method": null,
      "native": false
    }
  ],
  "service": "payloom-api"
}
2026-02-04 22:17:32 [ERROR]: uncaughtException: authController is not defined
ReferenceError: authController is not defined
    at Object.<anonymous> (C:\Users\Hp\Desktop\PAYLOOM INSTANTS\backend\src\routes\auth.js:98:46)
    at Module._compile (node:internal/modules/cjs/loader:1761:14)
    at Object..js (node:internal/modules/cjs/loader:1893:10)
    at Module.load (node:internal/modules/cjs/loader:1481:32)
    at Module._load (node:internal/modules/cjs/loader:1300:12)
    at TracingChannel.traceSync (node:diagnostics_channel:328:14)
    at wrapModuleLoad (node:internal/modules/cjs/loader:245:24)
    at Module.require (node:internal/modules/cjs/loader:1504:12)
    at require (node:internal/modules/helpers:152:16)
    at Object.<anonymous> (C:\Users\Hp\Desktop\PAYLOOM INSTANTS\backend\server.js:12:20)
ReferenceError: authController is not defined
    at Object.<anonymous> (C:\Users\Hp\Desktop\PAYLOOM INSTANTS\backend\src\routes\auth.js:98:46)
    at Module._compile (node:internal/modules/cjs/loader:1761:14)
    at Object..js (node:internal/modules/cjs/loader:1893:10)
    at Module.load (node:internal/modules/cjs/loader:1481:32)
    at Module._load (node:internal/modules/cjs/loader:1300:12)
    at TracingChannel.traceSync (node:diagnostics_channel:328:14)
    at wrapModuleLoad (node:internal/modules/cjs/loader:245:24)
    at Module.require (node:internal/modules/cjs/loader:1504:12)
    at require (node:internal/modules/helpers:152:16)
    at Object.<anonymous> (C:\Users\Hp\Desktop\PAYLOOM INSTANTS\backend\server.js:12:20)
{
  "error": {},
  "exception": true,
  "date": "Wed Feb 04 2026 22:17:32 GMT+0300 (East Africa Time)",
  "process": {
    "pid": 13592,
    "uid": null,
    "gid": null,
    "cwd": "C:\\Users\\Hp\\Desktop\\PAYLOOM INSTANTS\\backend",
    "execPath": "C:\\Program Files\\nodejs\\node.exe",
    "version": "v24.12.0",
    "argv": [
      "C:\\Program Files\\nodejs\\node.exe",
      "C:\\Users\\Hp\\Desktop\\PAYLOOM INSTANTS\\backend\\server.js"
    ],
    "memoryUsage": {
      "rss": 85286912,
      "heapTotal": 57663488,
      "heapUsed": 32087336,
      "external": 20773192,
      "arrayBuffers": 18264560
    }
  },
  "os": {
    "loadavg": [
      0,
      0,
      0
    ],
    "uptime": 108348.796
  },
  "trace": [
    {
      "column": 46,
      "file": "C:\\Users\\Hp\\Desktop\\PAYLOOM INSTANTS\\backend\\src\\routes\\auth.js",
      "function": null,
      "line": 98,
      "method": null,
      "native": false
    },
    {
      "column": 14,
      "file": "node:internal/modules/cjs/loader",
      "function": "Module._compile",
      "line": 1761,
      "method": "_compile",
      "native": false
    },
    {
      "column": 10,
      "file": "node:internal/modules/cjs/loader",
      "function": "Object..js",
      "line": 1893,
      "method": ".js",
      "native": false
    },
    {
      "column": 32,
      "file": "node:internal/modules/cjs/loader",
      "function": "Module.load",
      "line": 1481,
      "method": "load",
      "native": false
    },
    {
      "column": 12,
      "file": "node:internal/modules/cjs/loader",
      "function": "Module._load",
      "line": 1300,
      "method": "_load",
      "native": false
    },
    {
      "column": 14,
      "file": "node:diagnostics_channel",
      "function": "TracingChannel.traceSync",
      "line": 328,
      "method": "traceSync",
      "native": false
    },
    {
      "column": 24,
      "file": "node:internal/modules/cjs/loader",
      "function": "wrapModuleLoad",
      "line": 245,
      "method": null,
      "native": false
    },
    {
      "column": 12,
      "file": "node:internal/modules/cjs/loader",
      "function": "Module.require",
      "line": 1504,
      "method": "require",
      "native": false
    },
    {
      "column": 16,
      "file": "node:internal/modules/helpers",
      "function": "require",
      "line": 152,
      "method": null,
      "native": false
    },
    {
      "column": 20,
      "file": "C:\\Users\\Hp\\Desktop\\PAYLOOM INSTANTS\\backend\\server.js",
      "function": null,
      "line": 12,
      "method": null,
      "native": false
    }
  ],
  "service": "payloom-api"
}
2026-02-04 23:15:04 [ERROR]: uncaughtException: authController is not defined
ReferenceError: authController is not defined
    at Object.<anonymous> (C:\Users\Hp\Desktop\PAYLOOM INSTANTS\backend\src\routes\auth.js:98:46)
    at Module._compile (node:internal/modules/cjs/loader:1761:14)
    at Object..js (node:internal/modules/cjs/loader:1893:10)
    at Module.load (node:internal/modules/cjs/loader:1481:32)
    at Module._load (node:internal/modules/cjs/loader:1300:12)
    at TracingChannel.traceSync (node:diagnostics_channel:328:14)
    at wrapModuleLoad (node:internal/modules/cjs/loader:245:24)
    at Module.require (node:internal/modules/cjs/loader:1504:12)
    at require (node:internal/modules/helpers:152:16)
    at Object.<anonymous> (C:\Users\Hp\Desktop\PAYLOOM INSTANTS\backend\server.js:12:20)
ReferenceError: authController is not defined
    at Object.<anonymous> (C:\Users\Hp\Desktop\PAYLOOM INSTANTS\backend\src\routes\auth.js:98:46)
    at Module._compile (node:internal/modules/cjs/loader:1761:14)
    at Object..js (node:internal/modules/cjs/loader:1893:10)
    at Module.load (node:internal/modules/cjs/loader:1481:32)
    at Module._load (node:internal/modules/cjs/loader:1300:12)
    at TracingChannel.traceSync (node:diagnostics_channel:328:14)
    at wrapModuleLoad (node:internal/modules/cjs/loader:245:24)
    at Module.require (node:internal/modules/cjs/loader:1504:12)
    at require (node:internal/modules/helpers:152:16)
    at Object.<anonymous> (C:\Users\Hp\Desktop\PAYLOOM INSTANTS\backend\server.js:12:20)
{
  "error": {},
  "exception": true,
  "date": "Wed Feb 04 2026 23:15:04 GMT+0300 (East Africa Time)",
  "process": {
    "pid": 26012,
    "uid": null,
    "gid": null,
    "cwd": "C:\\Users\\Hp\\Desktop\\PAYLOOM INSTANTS\\backend",
    "execPath": "C:\\Program Files\\nodejs\\node.exe",
    "version": "v24.12.0",
    "argv": [
      "C:\\Program Files\\nodejs\\node.exe",
      "C:\\Users\\Hp\\Desktop\\PAYLOOM INSTANTS\\backend\\server.js"
    ],
    "memoryUsage": {
      "rss": 93360128,
      "heapTotal": 58183680,
      "heapUsed": 29199248,
      "external": 20773192,
      "arrayBuffers": 18264560
    }
  },
  "os": {
    "loadavg": [
      0,
      0,
      0
    ],
    "uptime": 111800.921
  },
  "trace": [
    {
      "column": 46,
      "file": "C:\\Users\\Hp\\Desktop\\PAYLOOM INSTANTS\\backend\\src\\routes\\auth.js",
      "function": null,
      "line": 98,
      "method": null,
      "native": false
    },
    {
      "column": 14,
      "file": "node:internal/modules/cjs/loader",
      "function": "Module._compile",
      "line": 1761,
      "method": "_compile",
      "native": false
    },
    {
      "column": 10,
      "file": "node:internal/modules/cjs/loader",
      "function": "Object..js",
      "line": 1893,
      "method": ".js",
      "native": false
    },
    {
      "column": 32,
      "file": "node:internal/modules/cjs/loader",
      "function": "Module.load",
      "line": 1481,
      "method": "load",
      "native": false
    },
    {
      "column": 12,
      "file": "node:internal/modules/cjs/loader",
      "function": "Module._load",
      "line": 1300,
      "method": "_load",
      "native": false
    },
    {
      "column": 14,
      "file": "node:diagnostics_channel",
      "function": "TracingChannel.traceSync",
      "line": 328,
      "method": "traceSync",
      "native": false
    },
    {
      "column": 24,
      "file": "node:internal/modules/cjs/loader",
      "function": "wrapModuleLoad",
      "line": 245,
      "method": null,
      "native": false
    },
    {
      "column": 12,
      "file": "node:internal/modules/cjs/loader",
      "function": "Module.require",
      "line": 1504,
      "method": "require",
      "native": false
    },
    {
      "column": 16,
      "file": "node:internal/modules/helpers",
      "function": "require",
      "line": 152,
      "method": null,
      "native": false
    },
    {
      "column": 20,
      "file": "C:\\Users\\Hp\\Desktop\\PAYLOOM INSTANTS\\backend\\server.js",
      "function": null,
      "line": 12,
      "method": null,
      "native": false
    }
  ],
  "service": "payloom-api"
}
2026-02-04 23:40:24 [ERROR]: uncaughtException: authController is not defined
ReferenceError: authController is not defined
    at Object.<anonymous> (C:\Users\Hp\Desktop\PAYLOOM INSTANTS\backend\src\routes\auth.js:98:46)
    at Module._compile (node:internal/modules/cjs/loader:1761:14)
    at Object..js (node:internal/modules/cjs/loader:1893:10)
    at Module.load (node:internal/modules/cjs/loader:1481:32)
    at Module._load (node:internal/modules/cjs/loader:1300:12)
    at TracingChannel.traceSync (node:diagnostics_channel:328:14)
    at wrapModuleLoad (node:internal/modules/cjs/loader:245:24)
    at Module.require (node:internal/modules/cjs/loader:1504:12)
    at require (node:internal/modules/helpers:152:16)
    at Object.<anonymous> (C:\Users\Hp\Desktop\PAYLOOM INSTANTS\backend\server.js:12:20)
ReferenceError: authController is not defined
    at Object.<anonymous> (C:\Users\Hp\Desktop\PAYLOOM INSTANTS\backend\src\routes\auth.js:98:46)
    at Module._compile (node:internal/modules/cjs/loader:1761:14)
    at Object..js (node:internal/modules/cjs/loader:1893:10)
    at Module.load (node:internal/modules/cjs/loader:1481:32)
    at Module._load (node:internal/modules/cjs/loader:1300:12)
    at TracingChannel.traceSync (node:diagnostics_channel:328:14)
    at wrapModuleLoad (node:internal/modules/cjs/loader:245:24)
    at Module.require (node:internal/modules/cjs/loader:1504:12)
    at require (node:internal/modules/helpers:152:16)
    at Object.<anonymous> (C:\Users\Hp\Desktop\PAYLOOM INSTANTS\backend\server.js:12:20)
{
  "error": {},
  "exception": true,
  "date": "Wed Feb 04 2026 23:40:24 GMT+0300 (East Africa Time)",
  "process": {
    "pid": 29552,
    "uid": null,
    "gid": null,
    "cwd": "C:\\Users\\Hp\\Desktop\\PAYLOOM INSTANTS\\backend",
    "execPath": "C:\\Program Files\\nodejs\\node.exe",
    "version": "v24.12.0",
    "argv": [
      "C:\\Program Files\\nodejs\\node.exe",
      "C:\\Users\\Hp\\Desktop\\PAYLOOM INSTANTS\\backend\\server.js"
    ],
    "memoryUsage": {
      "rss": 95371264,
      "heapTotal": 58445824,
      "heapUsed": 28850624,
      "external": 20800150,
      "arrayBuffers": 18264736
    }
  },
  "os": {
    "loadavg": [
      0,
      0,
      0
    ],
    "uptime": 113321.375
  },
  "trace": [
    {
      "column": 46,
      "file": "C:\\Users\\Hp\\Desktop\\PAYLOOM INSTANTS\\backend\\src\\routes\\auth.js",
      "function": null,
      "line": 98,
      "method": null,
      "native": false
    },
    {
      "column": 14,
      "file": "node:internal/modules/cjs/loader",
      "function": "Module._compile",
      "line": 1761,
      "method": "_compile",
      "native": false
    },
    {
      "column": 10,
      "file": "node:internal/modules/cjs/loader",
      "function": "Object..js",
      "line": 1893,
      "method": ".js",
      "native": false
    },
    {
      "column": 32,
      "file": "node:internal/modules/cjs/loader",
      "function": "Module.load",
      "line": 1481,
      "method": "load",
      "native": false
    },
    {
      "column": 12,
      "file": "node:internal/modules/cjs/loader",
      "function": "Module._load",
      "line": 1300,
      "method": "_load",
      "native": false
    },
    {
      "column": 14,
      "file": "node:diagnostics_channel",
      "function": "TracingChannel.traceSync",
      "line": 328,
      "method": "traceSync",
      "native": false
    },
    {
      "column": 24,
      "file": "node:internal/modules/cjs/loader",
      "function": "wrapModuleLoad",
      "line": 245,
      "method": null,
      "native": false
    },
    {
      "column": 12,
      "file": "node:internal/modules/cjs/loader",
      "function": "Module.require",
      "line": 1504,
      "method": "require",
      "native": false
    },
    {
      "column": 16,
      "file": "node:internal/modules/helpers",
      "function": "require",
      "line": 152,
      "method": null,
      "native": false
    },
    {
      "column": 20,
      "file": "C:\\Users\\Hp\\Desktop\\PAYLOOM INSTANTS\\backend\\server.js",
      "function": null,
      "line": 12,
      "method": null,
      "native": false
    }
  ],
  "service": "payloom-api"
}
2026-02-04 23:40:45 [ERROR]: uncaughtException: authController is not defined
ReferenceError: authController is not defined
    at Object.<anonymous> (C:\Users\Hp\Desktop\PAYLOOM INSTANTS\backend\src\routes\auth.js:98:46)
    at Module._compile (node:internal/modules/cjs/loader:1761:14)
    at Object..js (node:internal/modules/cjs/loader:1893:10)
    at Module.load (node:internal/modules/cjs/loader:1481:32)
    at Module._load (node:internal/modules/cjs/loader:1300:12)
    at TracingChannel.traceSync (node:diagnostics_channel:328:14)
    at wrapModuleLoad (node:internal/modules/cjs/loader:245:24)
    at Module.require (node:internal/modules/cjs/loader:1504:12)
    at require (node:internal/modules/helpers:152:16)
    at Object.<anonymous> (C:\Users\Hp\Desktop\PAYLOOM INSTANTS\backend\server.js:12:20)
ReferenceError: authController is not defined
    at Object.<anonymous> (C:\Users\Hp\Desktop\PAYLOOM INSTANTS\backend\src\routes\auth.js:98:46)
    at Module._compile (node:internal/modules/cjs/loader:1761:14)
    at Object..js (node:internal/modules/cjs/loader:1893:10)
    at Module.load (node:internal/modules/cjs/loader:1481:32)
    at Module._load (node:internal/modules/cjs/loader:1300:12)
    at TracingChannel.traceSync (node:diagnostics_channel:328:14)
    at wrapModuleLoad (node:internal/modules/cjs/loader:245:24)
    at Module.require (node:internal/modules/cjs/loader:1504:12)
    at require (node:internal/modules/helpers:152:16)
    at Object.<anonymous> (C:\Users\Hp\Desktop\PAYLOOM INSTANTS\backend\server.js:12:20)
{
  "error": {},
  "exception": true,
  "date": "Wed Feb 04 2026 23:40:45 GMT+0300 (East Africa Time)",
  "process": {
    "pid": 26264,
    "uid": null,
    "gid": null,
    "cwd": "C:\\Users\\Hp\\Desktop\\PAYLOOM INSTANTS\\backend",
    "execPath": "C:\\Program Files\\nodejs\\node.exe",
    "version": "v24.12.0",
    "argv": [
      "C:\\Program Files\\nodejs\\node.exe",
      "C:\\Users\\Hp\\Desktop\\PAYLOOM INSTANTS\\backend\\server.js"
    ],
    "memoryUsage": {
      "rss": 93609984,
      "heapTotal": 57663488,
      "heapUsed": 32043968,
      "external": 20773192,
      "arrayBuffers": 18264560
    }
  },
  "os": {
    "loadavg": [
      0,
      0,
      0
    ],
    "uptime": 113342.187
  },
  "trace": [
    {
      "column": 46,
      "file": "C:\\Users\\Hp\\Desktop\\PAYLOOM INSTANTS\\backend\\src\\routes\\auth.js",
      "function": null,
      "line": 98,
      "method": null,
      "native": false
    },
    {
      "column": 14,
      "file": "node:internal/modules/cjs/loader",
      "function": "Module._compile",
      "line": 1761,
      "method": "_compile",
      "native": false
    },
    {
      "column": 10,
      "file": "node:internal/modules/cjs/loader",
      "function": "Object..js",
      "line": 1893,
      "method": ".js",
      "native": false
    },
    {
      "column": 32,
      "file": "node:internal/modules/cjs/loader",
      "function": "Module.load",
      "line": 1481,
      "method": "load",
      "native": false
    },
    {
      "column": 12,
      "file": "node:internal/modules/cjs/loader",
      "function": "Module._load",
      "line": 1300,
      "method": "_load",
      "native": false
    },
    {
      "column": 14,
      "file": "node:diagnostics_channel",
      "function": "TracingChannel.traceSync",
      "line": 328,
      "method": "traceSync",
      "native": false
    },
    {
      "column": 24,
      "file": "node:internal/modules/cjs/loader",
      "function": "wrapModuleLoad",
      "line": 245,
      "method": null,
      "native": false
    },
    {
      "column": 12,
      "file": "node:internal/modules/cjs/loader",
      "function": "Module.require",
      "line": 1504,
      "method": "require",
      "native": false
    },
    {
      "column": 16,
      "file": "node:internal/modules/helpers",
      "function": "require",
      "line": 152,
      "method": null,
      "native": false
    },
    {
      "column": 20,
      "file": "C:\\Users\\Hp\\Desktop\\PAYLOOM INSTANTS\\backend\\server.js",
      "function": null,
      "line": 12,
      "method": null,
      "native": false
    }
  ],
  "service": "payloom-api"
}
2026-02-05 11:09:21 [ERROR]: uncaughtException: authController is not defined
ReferenceError: authController is not defined
    at Object.<anonymous> (C:\Users\Hp\Desktop\PAYLOOM INSTANTS\backend\src\routes\auth.js:98:46)
    at Module._compile (node:internal/modules/cjs/loader:1761:14)
    at Object..js (node:internal/modules/cjs/loader:1893:10)
    at Module.load (node:internal/modules/cjs/loader:1481:32)
    at Module._load (node:internal/modules/cjs/loader:1300:12)
    at TracingChannel.traceSync (node:diagnostics_channel:328:14)
    at wrapModuleLoad (node:internal/modules/cjs/loader:245:24)
    at Module.require (node:internal/modules/cjs/loader:1504:12)
    at require (node:internal/modules/helpers:152:16)
    at Object.<anonymous> (C:\Users\Hp\Desktop\PAYLOOM INSTANTS\backend\server.js:12:20)
ReferenceError: authController is not defined
    at Object.<anonymous> (C:\Users\Hp\Desktop\PAYLOOM INSTANTS\backend\src\routes\auth.js:98:46)
    at Module._compile (node:internal/modules/cjs/loader:1761:14)
    at Object..js (node:internal/modules/cjs/loader:1893:10)
    at Module.load (node:internal/modules/cjs/loader:1481:32)
    at Module._load (node:internal/modules/cjs/loader:1300:12)
    at TracingChannel.traceSync (node:diagnostics_channel:328:14)
    at wrapModuleLoad (node:internal/modules/cjs/loader:245:24)
    at Module.require (node:internal/modules/cjs/loader:1504:12)
    at require (node:internal/modules/helpers:152:16)
    at Object.<anonymous> (C:\Users\Hp\Desktop\PAYLOOM INSTANTS\backend\server.js:12:20)
{
  "error": {},
  "exception": true,
  "date": "Thu Feb 05 2026 11:09:21 GMT+0300 (East Africa Time)",
  "process": {
    "pid": 21648,
    "uid": null,
    "gid": null,
    "cwd": "C:\\Users\\Hp\\Desktop\\PAYLOOM INSTANTS\\backend",
    "execPath": "C:\\Program Files\\nodejs\\node.exe",
    "version": "v24.12.0",
    "argv": [
      "C:\\Program Files\\nodejs\\node.exe",
      "C:\\Users\\Hp\\Desktop\\PAYLOOM INSTANTS\\backend\\server.js"
    ],
    "memoryUsage": {
      "rss": 93052928,
      "heapTotal": 58445824,
      "heapUsed": 29260880,
      "external": 20800150,
      "arrayBuffers": 18264736
    }
  },
  "os": {
    "loadavg": [
      0,
      0,
      0
    ],
    "uptime": 154658.296
  },
  "trace": [
    {
      "column": 46,
      "file": "C:\\Users\\Hp\\Desktop\\PAYLOOM INSTANTS\\backend\\src\\routes\\auth.js",
      "function": null,
      "line": 98,
      "method": null,
      "native": false
    },
    {
      "column": 14,
      "file": "node:internal/modules/cjs/loader",
      "function": "Module._compile",
      "line": 1761,
      "method": "_compile",
      "native": false
    },
    {
      "column": 10,
      "file": "node:internal/modules/cjs/loader",
      "function": "Object..js",
      "line": 1893,
      "method": ".js",
      "native": false
    },
    {
      "column": 32,
      "file": "node:internal/modules/cjs/loader",
      "function": "Module.load",
      "line": 1481,
      "method": "load",
      "native": false
    },
    {
      "column": 12,
      "file": "node:internal/modules/cjs/loader",
      "function": "Module._load",
      "line": 1300,
      "method": "_load",
      "native": false
    },
    {
      "column": 14,
      "file": "node:diagnostics_channel",
      "function": "TracingChannel.traceSync",
      "line": 328,
      "method": "traceSync",
      "native": false
    },
    {
      "column": 24,
      "file": "node:internal/modules/cjs/loader",
      "function": "wrapModuleLoad",
      "line": 245,
      "method": null,
      "native": false
    },
    {
      "column": 12,
      "file": "node:internal/modules/cjs/loader",
      "function": "Module.require",
      "line": 1504,
      "method": "require",
      "native": false
    },
    {
      "column": 16,
      "file": "node:internal/modules/helpers",
      "function": "require",
      "line": 152,
      "method": null,
      "native": false
    },
    {
      "column": 20,
      "file": "C:\\Users\\Hp\\Desktop\\PAYLOOM INSTANTS\\backend\\server.js",
      "function": null,
      "line": 12,
      "method": null,
      "native": false
    }
  ],
  "service": "payloom-api"
}
2026-02-05 11:09:28 [ERROR]: uncaughtException: authController is not defined
ReferenceError: authController is not defined
    at Object.<anonymous> (C:\Users\Hp\Desktop\PAYLOOM INSTANTS\backend\src\routes\auth.js:98:46)
    at Module._compile (node:internal/modules/cjs/loader:1761:14)
    at Object..js (node:internal/modules/cjs/loader:1893:10)
    at Module.load (node:internal/modules/cjs/loader:1481:32)
    at Module._load (node:internal/modules/cjs/loader:1300:12)
    at TracingChannel.traceSync (node:diagnostics_channel:328:14)
    at wrapModuleLoad (node:internal/modules/cjs/loader:245:24)
    at Module.require (node:internal/modules/cjs/loader:1504:12)
    at require (node:internal/modules/helpers:152:16)
    at Object.<anonymous> (C:\Users\Hp\Desktop\PAYLOOM INSTANTS\backend\server.js:12:20)
ReferenceError: authController is not defined
    at Object.<anonymous> (C:\Users\Hp\Desktop\PAYLOOM INSTANTS\backend\src\routes\auth.js:98:46)
    at Module._compile (node:internal/modules/cjs/loader:1761:14)
    at Object..js (node:internal/modules/cjs/loader:1893:10)
    at Module.load (node:internal/modules/cjs/loader:1481:32)
    at Module._load (node:internal/modules/cjs/loader:1300:12)
    at TracingChannel.traceSync (node:diagnostics_channel:328:14)
    at wrapModuleLoad (node:internal/modules/cjs/loader:245:24)
    at Module.require (node:internal/modules/cjs/loader:1504:12)
    at require (node:internal/modules/helpers:152:16)
    at Object.<anonymous> (C:\Users\Hp\Desktop\PAYLOOM INSTANTS\backend\server.js:12:20)
{
  "error": {},
  "exception": true,
  "date": "Thu Feb 05 2026 11:09:28 GMT+0300 (East Africa Time)",
  "process": {
    "pid": 24160,
    "uid": null,
    "gid": null,
    "cwd": "C:\\Users\\Hp\\Desktop\\PAYLOOM INSTANTS\\backend",
    "execPath": "C:\\Program Files\\nodejs\\node.exe",
    "version": "v24.12.0",
    "argv": [
      "C:\\Program Files\\nodejs\\node.exe",
      "C:\\Users\\Hp\\Desktop\\PAYLOOM INSTANTS\\backend\\server.js"
    ],
    "memoryUsage": {
      "rss": 93626368,
      "heapTotal": 57663488,
      "heapUsed": 32224944,
      "external": 20800150,
      "arrayBuffers": 18264736
    }
  },
  "os": {
    "loadavg": [
      0,
      0,
      0
    ],
    "uptime": 154665.031
  },
  "trace": [
    {
      "column": 46,
      "file": "C:\\Users\\Hp\\Desktop\\PAYLOOM INSTANTS\\backend\\src\\routes\\auth.js",
      "function": null,
      "line": 98,
      "method": null,
      "native": false
    },
    {
      "column": 14,
      "file": "node:internal/modules/cjs/loader",
      "function": "Module._compile",
      "line": 1761,
      "method": "_compile",
      "native": false
    },
    {
      "column": 10,
      "file": "node:internal/modules/cjs/loader",
      "function": "Object..js",
      "line": 1893,
      "method": ".js",
      "native": false
    },
    {
      "column": 32,
      "file": "node:internal/modules/cjs/loader",
      "function": "Module.load",
      "line": 1481,
      "method": "load",
      "native": false
    },
    {
      "column": 12,
      "file": "node:internal/modules/cjs/loader",
      "function": "Module._load",
      "line": 1300,
      "method": "_load",
      "native": false
    },
    {
      "column": 14,
      "file": "node:diagnostics_channel",
      "function": "TracingChannel.traceSync",
      "line": 328,
      "method": "traceSync",
      "native": false
    },
    {
      "column": 24,
      "file": "node:internal/modules/cjs/loader",
      "function": "wrapModuleLoad",
      "line": 245,
      "method": null,
      "native": false
    },
    {
      "column": 12,
      "file": "node:internal/modules/cjs/loader",
      "function": "Module.require",
      "line": 1504,
      "method": "require",
      "native": false
    },
    {
      "column": 16,
      "file": "node:internal/modules/helpers",
      "function": "require",
      "line": 152,
      "method": null,
      "native": false
    },
    {
      "column": 20,
      "file": "C:\\Users\\Hp\\Desktop\\PAYLOOM INSTANTS\\backend\\server.js",
      "function": null,
      "line": 12,
      "method": null,
      "native": false
    }
  ],
  "service": "payloom-api"
}
2026-02-05 11:10:30 [ERROR]: uncaughtException: authController is not defined
ReferenceError: authController is not defined
    at Object.<anonymous> (C:\Users\Hp\Desktop\PAYLOOM INSTANTS\backend\src\routes\auth.js:98:46)
    at Module._compile (node:internal/modules/cjs/loader:1761:14)
    at Object..js (node:internal/modules/cjs/loader:1893:10)
    at Module.load (node:internal/modules/cjs/loader:1481:32)
    at Module._load (node:internal/modules/cjs/loader:1300:12)
    at TracingChannel.traceSync (node:diagnostics_channel:328:14)
    at wrapModuleLoad (node:internal/modules/cjs/loader:245:24)
    at Module.require (node:internal/modules/cjs/loader:1504:12)
    at require (node:internal/modules/helpers:152:16)
    at Object.<anonymous> (C:\Users\Hp\Desktop\PAYLOOM INSTANTS\backend\server.js:12:20)
ReferenceError: authController is not defined
    at Object.<anonymous> (C:\Users\Hp\Desktop\PAYLOOM INSTANTS\backend\src\routes\auth.js:98:46)
    at Module._compile (node:internal/modules/cjs/loader:1761:14)
    at Object..js (node:internal/modules/cjs/loader:1893:10)
    at Module.load (node:internal/modules/cjs/loader:1481:32)
    at Module._load (node:internal/modules/cjs/loader:1300:12)
    at TracingChannel.traceSync (node:diagnostics_channel:328:14)
    at wrapModuleLoad (node:internal/modules/cjs/loader:245:24)
    at Module.require (node:internal/modules/cjs/loader:1504:12)
    at require (node:internal/modules/helpers:152:16)
    at Object.<anonymous> (C:\Users\Hp\Desktop\PAYLOOM INSTANTS\backend\server.js:12:20)
{
  "error": {},
  "exception": true,
  "date": "Thu Feb 05 2026 11:10:30 GMT+0300 (East Africa Time)",
  "process": {
    "pid": 5308,
    "uid": null,
    "gid": null,
    "cwd": "C:\\Users\\Hp\\Desktop\\PAYLOOM INSTANTS\\backend",
    "execPath": "C:\\Program Files\\nodejs\\node.exe",
    "version": "v24.12.0",
    "argv": [
      "C:\\Program Files\\nodejs\\node.exe",
      "C:\\Users\\Hp\\Desktop\\PAYLOOM INSTANTS\\backend\\server.js"
    ],
    "memoryUsage": {
      "rss": 93089792,
      "heapTotal": 57659392,
      "heapUsed": 31786880,
      "external": 20773192,
      "arrayBuffers": 18264560
    }
  },
  "os": {
    "loadavg": [
      0,
      0,
      0
    ],
    "uptime": 154727.031
  },
  "trace": [
    {
      "column": 46,
      "file": "C:\\Users\\Hp\\Desktop\\PAYLOOM INSTANTS\\backend\\src\\routes\\auth.js",
      "function": null,
      "line": 98,
      "method": null,
      "native": false
    },
    {
      "column": 14,
      "file": "node:internal/modules/cjs/loader",
      "function": "Module._compile",
      "line": 1761,
      "method": "_compile",
      "native": false
    },
    {
      "column": 10,
      "file": "node:internal/modules/cjs/loader",
      "function": "Object..js",
      "line": 1893,
      "method": ".js",
      "native": false
    },
    {
      "column": 32,
      "file": "node:internal/modules/cjs/loader",
      "function": "Module.load",
      "line": 1481,
      "method": "load",
      "native": false
    },
    {
      "column": 12,
      "file": "node:internal/modules/cjs/loader",
      "function": "Module._load",
      "line": 1300,
      "method": "_load",
      "native": false
    },
    {
      "column": 14,
      "file": "node:diagnostics_channel",
      "function": "TracingChannel.traceSync",
      "line": 328,
      "method": "traceSync",
      "native": false
    },
    {
      "column": 24,
      "file": "node:internal/modules/cjs/loader",
      "function": "wrapModuleLoad",
      "line": 245,
      "method": null,
      "native": false
    },
    {
      "column": 12,
      "file": "node:internal/modules/cjs/loader",
      "function": "Module.require",
      "line": 1504,
      "method": "require",
      "native": false
    },
    {
      "column": 16,
      "file": "node:internal/modules/helpers",
      "function": "require",
      "line": 152,
      "method": null,
      "native": false
    },
    {
      "column": 20,
      "file": "C:\\Users\\Hp\\Desktop\\PAYLOOM INSTANTS\\backend\\server.js",
      "function": null,
      "line": 12,
      "method": null,
      "native": false
    }
  ],
  "service": "payloom-api"
}
2026-02-05 11:28:14 [ERROR]: uncaughtException: authController is not defined
ReferenceError: authController is not defined
    at Object.<anonymous> (C:\Users\Hp\Desktop\PAYLOOM INSTANTS\backend\src\routes\auth.js:98:46)
    at Module._compile (node:internal/modules/cjs/loader:1761:14)
    at Object..js (node:internal/modules/cjs/loader:1893:10)
    at Module.load (node:internal/modules/cjs/loader:1481:32)
    at Module._load (node:internal/modules/cjs/loader:1300:12)
    at TracingChannel.traceSync (node:diagnostics_channel:328:14)
    at wrapModuleLoad (node:internal/modules/cjs/loader:245:24)
    at Module.require (node:internal/modules/cjs/loader:1504:12)
    at require (node:internal/modules/helpers:152:16)
    at Object.<anonymous> (C:\Users\Hp\Desktop\PAYLOOM INSTANTS\backend\server.js:12:20)
ReferenceError: authController is not defined
    at Object.<anonymous> (C:\Users\Hp\Desktop\PAYLOOM INSTANTS\backend\src\routes\auth.js:98:46)
    at Module._compile (node:internal/modules/cjs/loader:1761:14)
    at Object..js (node:internal/modules/cjs/loader:1893:10)
    at Module.load (node:internal/modules/cjs/loader:1481:32)
    at Module._load (node:internal/modules/cjs/loader:1300:12)
    at TracingChannel.traceSync (node:diagnostics_channel:328:14)
    at wrapModuleLoad (node:internal/modules/cjs/loader:245:24)
    at Module.require (node:internal/modules/cjs/loader:1504:12)
    at require (node:internal/modules/helpers:152:16)
    at Object.<anonymous> (C:\Users\Hp\Desktop\PAYLOOM INSTANTS\backend\server.js:12:20)
{
  "error": {},
  "exception": true,
  "date": "Thu Feb 05 2026 11:28:14 GMT+0300 (East Africa Time)",
  "process": {
    "pid": 11488,
    "uid": null,
    "gid": null,
    "cwd": "C:\\Users\\Hp\\Desktop\\PAYLOOM INSTANTS\\backend",
    "execPath": "C:\\Program Files\\nodejs\\node.exe",
    "version": "v24.12.0",
    "argv": [
      "C:\\Program Files\\nodejs\\node.exe",
      "C:\\Users\\Hp\\Desktop\\PAYLOOM INSTANTS\\backend\\server.js"
    ],
    "memoryUsage": {
      "rss": 93577216,
      "heapTotal": 58445824,
      "heapUsed": 28868768,
      "external": 20800150,
      "arrayBuffers": 18264736
    }
  },
  "os": {
    "loadavg": [
      0,
      0,
      0
    ],
    "uptime": 155791.562
  },
  "trace": [
    {
      "column": 46,
      "file": "C:\\Users\\Hp\\Desktop\\PAYLOOM INSTANTS\\backend\\src\\routes\\auth.js",
      "function": null,
      "line": 98,
      "method": null,
      "native": false
    },
    {
      "column": 14,
      "file": "node:internal/modules/cjs/loader",
      "function": "Module._compile",
      "line": 1761,
      "method": "_compile",
      "native": false
    },
    {
      "column": 10,
      "file": "node:internal/modules/cjs/loader",
      "function": "Object..js",
      "line": 1893,
      "method": ".js",
      "native": false
    },
    {
      "column": 32,
      "file": "node:internal/modules/cjs/loader",
      "function": "Module.load",
      "line": 1481,
      "method": "load",
      "native": false
    },
    {
      "column": 12,
      "file": "node:internal/modules/cjs/loader",
      "function": "Module._load",
      "line": 1300,
      "method": "_load",
      "native": false
    },
    {
      "column": 14,
      "file": "node:diagnostics_channel",
      "function": "TracingChannel.traceSync",
      "line": 328,
      "method": "traceSync",
      "native": false
    },
    {
      "column": 24,
      "file": "node:internal/modules/cjs/loader",
      "function": "wrapModuleLoad",
      "line": 245,
      "method": null,
      "native": false
    },
    {
      "column": 12,
      "file": "node:internal/modules/cjs/loader",
      "function": "Module.require",
      "line": 1504,
      "method": "require",
      "native": false
    },
    {
      "column": 16,
      "file": "node:internal/modules/helpers",
      "function": "require",
      "line": 152,
      "method": null,
      "native": false
    },
    {
      "column": 20,
      "file": "C:\\Users\\Hp\\Desktop\\PAYLOOM INSTANTS\\backend\\server.js",
      "function": null,
      "line": 12,
      "method": null,
      "native": false
    }
  ],
  "service": "payloom-api"
}
2026-02-05 11:29:05 [ERROR]: uncaughtException: authController is not defined
ReferenceError: authController is not defined
    at Object.<anonymous> (C:\Users\Hp\Desktop\PAYLOOM INSTANTS\backend\src\routes\auth.js:98:46)
    at Module._compile (node:internal/modules/cjs/loader:1761:14)
    at Object..js (node:internal/modules/cjs/loader:1893:10)
    at Module.load (node:internal/modules/cjs/loader:1481:32)
    at Module._load (node:internal/modules/cjs/loader:1300:12)
    at TracingChannel.traceSync (node:diagnostics_channel:328:14)
    at wrapModuleLoad (node:internal/modules/cjs/loader:245:24)
    at Module.require (node:internal/modules/cjs/loader:1504:12)
    at require (node:internal/modules/helpers:152:16)
    at Object.<anonymous> (C:\Users\Hp\Desktop\PAYLOOM INSTANTS\backend\server.js:12:20)
ReferenceError: authController is not defined
    at Object.<anonymous> (C:\Users\Hp\Desktop\PAYLOOM INSTANTS\backend\src\routes\auth.js:98:46)
    at Module._compile (node:internal/modules/cjs/loader:1761:14)
    at Object..js (node:internal/modules/cjs/loader:1893:10)
    at Module.load (node:internal/modules/cjs/loader:1481:32)
    at Module._load (node:internal/modules/cjs/loader:1300:12)
    at TracingChannel.traceSync (node:diagnostics_channel:328:14)
    at wrapModuleLoad (node:internal/modules/cjs/loader:245:24)
    at Module.require (node:internal/modules/cjs/loader:1504:12)
    at require (node:internal/modules/helpers:152:16)
    at Object.<anonymous> (C:\Users\Hp\Desktop\PAYLOOM INSTANTS\backend\server.js:12:20)
{
  "error": {},
  "exception": true,
  "date": "Thu Feb 05 2026 11:29:05 GMT+0300 (East Africa Time)",
  "process": {
    "pid": 22140,
    "uid": null,
    "gid": null,
    "cwd": "C:\\Users\\Hp\\Desktop\\PAYLOOM INSTANTS\\backend",
    "execPath": "C:\\Program Files\\nodejs\\node.exe",
    "version": "v24.12.0",
    "argv": [
      "C:\\Program Files\\nodejs\\node.exe",
      "C:\\Users\\Hp\\Desktop\\PAYLOOM INSTANTS\\backend\\server.js"
    ],
    "memoryUsage": {
      "rss": 93818880,
      "heapTotal": 57925632,
      "heapUsed": 32126784,
      "external": 20800150,
      "arrayBuffers": 18264736
    }
  },
  "os": {
    "loadavg": [
      0,
      0,
      0
    ],
    "uptime": 155841.984
  },
  "trace": [
    {
      "column": 46,
      "file": "C:\\Users\\Hp\\Desktop\\PAYLOOM INSTANTS\\backend\\src\\routes\\auth.js",
      "function": null,
      "line": 98,
      "method": null,
      "native": false
    },
    {
      "column": 14,
      "file": "node:internal/modules/cjs/loader",
      "function": "Module._compile",
      "line": 1761,
      "method": "_compile",
      "native": false
    },
    {
      "column": 10,
      "file": "node:internal/modules/cjs/loader",
      "function": "Object..js",
      "line": 1893,
      "method": ".js",
      "native": false
    },
    {
      "column": 32,
      "file": "node:internal/modules/cjs/loader",
      "function": "Module.load",
      "line": 1481,
      "method": "load",
      "native": false
    },
    {
      "column": 12,
      "file": "node:internal/modules/cjs/loader",
      "function": "Module._load",
      "line": 1300,
      "method": "_load",
      "native": false
    },
    {
      "column": 14,
      "file": "node:diagnostics_channel",
      "function": "TracingChannel.traceSync",
      "line": 328,
      "method": "traceSync",
      "native": false
    },
    {
      "column": 24,
      "file": "node:internal/modules/cjs/loader",
      "function": "wrapModuleLoad",
      "line": 245,
      "method": null,
      "native": false
    },
    {
      "column": 12,
      "file": "node:internal/modules/cjs/loader",
      "function": "Module.require",
      "line": 1504,
      "method": "require",
      "native": false
    },
    {
      "column": 16,
      "file": "node:internal/modules/helpers",
      "function": "require",
      "line": 152,
      "method": null,
      "native": false
    },
    {
      "column": 20,
      "file": "C:\\Users\\Hp\\Desktop\\PAYLOOM INSTANTS\\backend\\server.js",
      "function": null,
      "line": 12,
      "method": null,
      "native": false
    }
  ],
  "service": "payloom-api"
}
2026-02-05 11:35:25 [ERROR]: uncaughtException: authController is not defined
ReferenceError: authController is not defined
    at Object.<anonymous> (C:\Users\Hp\Desktop\PAYLOOM INSTANTS\backend\src\routes\auth.js:98:46)
    at Module._compile (node:internal/modules/cjs/loader:1761:14)
    at Object..js (node:internal/modules/cjs/loader:1893:10)
    at Module.load (node:internal/modules/cjs/loader:1481:32)
    at Module._load (node:internal/modules/cjs/loader:1300:12)
    at TracingChannel.traceSync (node:diagnostics_channel:328:14)
    at wrapModuleLoad (node:internal/modules/cjs/loader:245:24)
    at Module.require (node:internal/modules/cjs/loader:1504:12)
    at require (node:internal/modules/helpers:152:16)
    at Object.<anonymous> (C:\Users\Hp\Desktop\PAYLOOM INSTANTS\backend\server.js:12:20)
ReferenceError: authController is not defined
    at Object.<anonymous> (C:\Users\Hp\Desktop\PAYLOOM INSTANTS\backend\src\routes\auth.js:98:46)
    at Module._compile (node:internal/modules/cjs/loader:1761:14)
    at Object..js (node:internal/modules/cjs/loader:1893:10)
    at Module.load (node:internal/modules/cjs/loader:1481:32)
    at Module._load (node:internal/modules/cjs/loader:1300:12)
    at TracingChannel.traceSync (node:diagnostics_channel:328:14)
    at wrapModuleLoad (node:internal/modules/cjs/loader:245:24)
    at Module.require (node:internal/modules/cjs/loader:1504:12)
    at require (node:internal/modules/helpers:152:16)
    at Object.<anonymous> (C:\Users\Hp\Desktop\PAYLOOM INSTANTS\backend\server.js:12:20)
{
  "error": {},
  "exception": true,
  "date": "Thu Feb 05 2026 11:35:25 GMT+0300 (East Africa Time)",
  "process": {
    "pid": 22452,
    "uid": null,
    "gid": null,
    "cwd": "C:\\Users\\Hp\\Desktop\\PAYLOOM INSTANTS\\backend",
    "execPath": "C:\\Program Files\\nodejs\\node.exe",
    "version": "v24.12.0",
    "argv": [
      "C:\\Program Files\\nodejs\\node.exe",
      "C:\\Users\\Hp\\Desktop\\PAYLOOM INSTANTS\\backend\\server.js"
    ],
    "memoryUsage": {
      "rss": 93175808,
      "heapTotal": 57659392,
      "heapUsed": 31113232,
      "external": 20773192,
      "arrayBuffers": 18264560
    }
  },
  "os": {
    "loadavg": [
      0,
      0,
      0
    ],
    "uptime": 156221.796
  },
  "trace": [
    {
      "column": 46,
      "file": "C:\\Users\\Hp\\Desktop\\PAYLOOM INSTANTS\\backend\\src\\routes\\auth.js",
      "function": null,
      "line": 98,
      "method": null,
      "native": false
    },
    {
      "column": 14,
      "file": "node:internal/modules/cjs/loader",
      "function": "Module._compile",
      "line": 1761,
      "method": "_compile",
      "native": false
    },
    {
      "column": 10,
      "file": "node:internal/modules/cjs/loader",
      "function": "Object..js",
      "line": 1893,
      "method": ".js",
      "native": false
    },
    {
      "column": 32,
      "file": "node:internal/modules/cjs/loader",
      "function": "Module.load",
      "line": 1481,
      "method": "load",
      "native": false
    },
    {
      "column": 12,
      "file": "node:internal/modules/cjs/loader",
      "function": "Module._load",
      "line": 1300,
      "method": "_load",
      "native": false
    },
    {
      "column": 14,
      "file": "node:diagnostics_channel",
      "function": "TracingChannel.traceSync",
      "line": 328,
      "method": "traceSync",
      "native": false
    },
    {
      "column": 24,
      "file": "node:internal/modules/cjs/loader",
      "function": "wrapModuleLoad",
      "line": 245,
      "method": null,
      "native": false
    },
    {
      "column": 12,
      "file": "node:internal/modules/cjs/loader",
      "function": "Module.require",
      "line": 1504,
      "method": "require",
      "native": false
    },
    {
      "column": 16,
      "file": "node:internal/modules/helpers",
      "function": "require",
      "line": 152,
      "method": null,
      "native": false
    },
    {
      "column": 20,
      "file": "C:\\Users\\Hp\\Desktop\\PAYLOOM INSTANTS\\backend\\server.js",
      "function": null,
      "line": 12,
      "method": null,
      "native": false
    }
  ],
  "service": "payloom-api"
}
2026-02-05 11:44:04 [ERROR]: uncaughtException: authController is not defined
ReferenceError: authController is not defined
    at Object.<anonymous> (C:\Users\Hp\Desktop\PAYLOOM INSTANTS\backend\src\routes\auth.js:104:30)
    at Module._compile (node:internal/modules/cjs/loader:1761:14)
    at Object..js (node:internal/modules/cjs/loader:1893:10)
    at Module.load (node:internal/modules/cjs/loader:1481:32)
    at Module._load (node:internal/modules/cjs/loader:1300:12)
    at TracingChannel.traceSync (node:diagnostics_channel:328:14)
    at wrapModuleLoad (node:internal/modules/cjs/loader:245:24)
    at Module.require (node:internal/modules/cjs/loader:1504:12)
    at require (node:internal/modules/helpers:152:16)
    at Object.<anonymous> (C:\Users\Hp\Desktop\PAYLOOM INSTANTS\backend\server.js:12:20)
ReferenceError: authController is not defined
    at Object.<anonymous> (C:\Users\Hp\Desktop\PAYLOOM INSTANTS\backend\src\routes\auth.js:104:30)
    at Module._compile (node:internal/modules/cjs/loader:1761:14)
    at Object..js (node:internal/modules/cjs/loader:1893:10)
    at Module.load (node:internal/modules/cjs/loader:1481:32)
    at Module._load (node:internal/modules/cjs/loader:1300:12)
    at TracingChannel.traceSync (node:diagnostics_channel:328:14)
    at wrapModuleLoad (node:internal/modules/cjs/loader:245:24)
    at Module.require (node:internal/modules/cjs/loader:1504:12)
    at require (node:internal/modules/helpers:152:16)
    at Object.<anonymous> (C:\Users\Hp\Desktop\PAYLOOM INSTANTS\backend\server.js:12:20)
{
  "error": {},
  "exception": true,
  "date": "Thu Feb 05 2026 11:44:04 GMT+0300 (East Africa Time)",
  "process": {
    "pid": 27292,
    "uid": null,
    "gid": null,
    "cwd": "C:\\Users\\Hp\\Desktop\\PAYLOOM INSTANTS\\backend",
    "execPath": "C:\\Program Files\\nodejs\\node.exe",
    "version": "v24.12.0",
    "argv": [
      "C:\\Program Files\\nodejs\\node.exe",
      "C:\\Users\\Hp\\Desktop\\PAYLOOM INSTANTS\\backend\\server.js"
    ],
    "memoryUsage": {
      "rss": 94326784,
      "heapTotal": 57925632,
      "heapUsed": 32217864,
      "external": 20800150,
      "arrayBuffers": 18264736
    }
  },
  "os": {
    "loadavg": [
      0,
      0,
      0
    ],
    "uptime": 156741.078
  },
  "trace": [
    {
      "column": 30,
      "file": "C:\\Users\\Hp\\Desktop\\PAYLOOM INSTANTS\\backend\\src\\routes\\auth.js",
      "function": null,
      "line": 104,
      "method": null,
      "native": false
    },
    {
      "column": 14,
      "file": "node:internal/modules/cjs/loader",
      "function": "Module._compile",
      "line": 1761,
      "method": "_compile",
      "native": false
    },
    {
      "column": 10,
      "file": "node:internal/modules/cjs/loader",
      "function": "Object..js",
      "line": 1893,
      "method": ".js",
      "native": false
    },
    {
      "column": 32,
      "file": "node:internal/modules/cjs/loader",
      "function": "Module.load",
      "line": 1481,
      "method": "load",
      "native": false
    },
    {
      "column": 12,
      "file": "node:internal/modules/cjs/loader",
      "function": "Module._load",
      "line": 1300,
      "method": "_load",
      "native": false
    },
    {
      "column": 14,
      "file": "node:diagnostics_channel",
      "function": "TracingChannel.traceSync",
      "line": 328,
      "method": "traceSync",
      "native": false
    },
    {
      "column": 24,
      "file": "node:internal/modules/cjs/loader",
      "function": "wrapModuleLoad",
      "line": 245,
      "method": null,
      "native": false
    },
    {
      "column": 12,
      "file": "node:internal/modules/cjs/loader",
      "function": "Module.require",
      "line": 1504,
      "method": "require",
      "native": false
    },
    {
      "column": 16,
      "file": "node:internal/modules/helpers",
      "function": "require",
      "line": 152,
      "method": null,
      "native": false
    },
    {
      "column": 20,
      "file": "C:\\Users\\Hp\\Desktop\\PAYLOOM INSTANTS\\backend\\server.js",
      "function": null,
      "line": 12,
      "method": null,
      "native": false
    }
  ],
  "service": "payloom-api"
}
2026-02-05 11:53:28 [ERROR]: uncaughtException: listen EADDRINUSE: address already in use :::3000
Error: listen EADDRINUSE: address already in use :::3000
    at Server.setupListenHandle [as _listen2] (node:net:1940:16)
    at listenInCluster (node:net:1997:12)
    at Server.listen (node:net:2102:7)
    at app.listen (C:\Users\Hp\Desktop\PAYLOOM INSTANTS\backend\node_modules\express\lib\application.js:635:24)
    at startServer (C:\Users\Hp\Desktop\PAYLOOM INSTANTS\backend\server.js:261:9)
Error: listen EADDRINUSE: address already in use :::3000
    at Server.setupListenHandle [as _listen2] (node:net:1940:16)
    at listenInCluster (node:net:1997:12)
    at Server.listen (node:net:2102:7)
    at app.listen (C:\Users\Hp\Desktop\PAYLOOM INSTANTS\backend\node_modules\express\lib\application.js:635:24)
    at startServer (C:\Users\Hp\Desktop\PAYLOOM INSTANTS\backend\server.js:261:9)
{
  "error": {
    "code": "EADDRINUSE",
    "errno": -4091,
    "syscall": "listen",
    "address": "::",
    "port": 3000
  },
  "exception": true,
  "date": "Thu Feb 05 2026 11:53:28 GMT+0300 (East Africa Time)",
  "process": {
    "pid": 30856,
    "uid": null,
    "gid": null,
    "cwd": "C:\\Users\\Hp\\Desktop\\PAYLOOM INSTANTS\\backend",
    "execPath": "C:\\Program Files\\nodejs\\node.exe",
    "version": "v24.12.0",
    "argv": [
      "C:\\Program Files\\nodejs\\node.exe",
      "C:\\Users\\Hp\\Desktop\\PAYLOOM INSTANTS\\backend\\server.js"
    ],
    "memoryUsage": {
      "rss": 87748608,
      "heapTotal": 34373632,
      "heapUsed": 30886632,
      "external": 21947175,
      "arrayBuffers": 18281701
    }
  },
  "os": {
    "loadavg": [
      0,
      0,
      0
    ],
    "uptime": 157305.421
  },
  "trace": [
    {
      "column": 16,
      "file": "node:net",
      "function": "Server.setupListenHandle [as _listen2]",
      "line": 1940,
      "method": "setupListenHandle [as _listen2]",
      "native": false
    },
    {
      "column": 12,
      "file": "node:net",
      "function": "listenInCluster",
      "line": 1997,
      "method": null,
      "native": false
    },
    {
      "column": 7,
      "file": "node:net",
      "function": "Server.listen",
      "line": 2102,
      "method": "listen",
      "native": false
    },
    {
      "column": 24,
      "file": "C:\\Users\\Hp\\Desktop\\PAYLOOM INSTANTS\\backend\\node_modules\\express\\lib\\application.js",
      "function": "app.listen",
      "line": 635,
      "method": "listen",
      "native": false
    },
    {
      "column": 9,
      "file": "C:\\Users\\Hp\\Desktop\\PAYLOOM INSTANTS\\backend\\server.js",
      "function": "startServer",
      "line": 261,
      "method": null,
      "native": false
    }
  ],
  "service": "payloom-api"
}
2026-02-05 12:21:43 [ERROR]: uncaughtException: listen EADDRINUSE: address already in use :::3000
Error: listen EADDRINUSE: address already in use :::3000
    at Server.setupListenHandle [as _listen2] (node:net:1940:16)
    at listenInCluster (node:net:1997:12)
    at Server.listen (node:net:2102:7)
    at app.listen (C:\Users\Hp\Desktop\PAYLOOM INSTANTS\backend\node_modules\express\lib\application.js:635:24)
    at startServer (C:\Users\Hp\Desktop\PAYLOOM INSTANTS\backend\server.js:261:9)
Error: listen EADDRINUSE: address already in use :::3000
    at Server.setupListenHandle [as _listen2] (node:net:1940:16)
    at listenInCluster (node:net:1997:12)
    at Server.listen (node:net:2102:7)
    at app.listen (C:\Users\Hp\Desktop\PAYLOOM INSTANTS\backend\node_modules\express\lib\application.js:635:24)
    at startServer (C:\Users\Hp\Desktop\PAYLOOM INSTANTS\backend\server.js:261:9)
{
  "error": {
    "code": "EADDRINUSE",
    "errno": -4091,
    "syscall": "listen",
    "address": "::",
    "port": 3000
  },
  "exception": true,
  "date": "Thu Feb 05 2026 12:21:43 GMT+0300 (East Africa Time)",
  "process": {
    "pid": 27792,
    "uid": null,
    "gid": null,
    "cwd": "C:\\Users\\Hp\\Desktop\\PAYLOOM INSTANTS\\backend",
    "execPath": "C:\\Program Files\\nodejs\\node.exe",
    "version": "v24.12.0",
    "argv": [
      "C:\\Program Files\\nodejs\\node.exe",
      "C:\\Users\\Hp\\Desktop\\PAYLOOM INSTANTS\\backend\\server.js"
    ],
    "memoryUsage": {
      "rss": 87158784,
      "heapTotal": 34111488,
      "heapUsed": 30884808,
      "external": 21947175,
      "arrayBuffers": 18281701
    }
  },
  "os": {
    "loadavg": [
      0,
      0,
      0
    ],
    "uptime": 158999.828
  },
  "trace": [
    {
      "column": 16,
      "file": "node:net",
      "function": "Server.setupListenHandle [as _listen2]",
      "line": 1940,
      "method": "setupListenHandle [as _listen2]",
      "native": false
    },
    {
      "column": 12,
      "file": "node:net",
      "function": "listenInCluster",
      "line": 1997,
      "method": null,
      "native": false
    },
    {
      "column": 7,
      "file": "node:net",
      "function": "Server.listen",
      "line": 2102,
      "method": "listen",
      "native": false
    },
    {
      "column": 24,
      "file": "C:\\Users\\Hp\\Desktop\\PAYLOOM INSTANTS\\backend\\node_modules\\express\\lib\\application.js",
      "function": "app.listen",
      "line": 635,
      "method": "listen",
      "native": false
    },
    {
      "column": 9,
      "file": "C:\\Users\\Hp\\Desktop\\PAYLOOM INSTANTS\\backend\\server.js",
      "function": "startServer",
      "line": 261,
      "method": null,
      "native": false
    }
  ],
  "service": "payloom-api"
}
2026-02-05 13:11:02 [ERROR]: uncaughtException: listen EADDRINUSE: address already in use :::3000
Error: listen EADDRINUSE: address already in use :::3000
    at Server.setupListenHandle [as _listen2] (node:net:1940:16)
    at listenInCluster (node:net:1997:12)
    at Server.listen (node:net:2102:7)
    at app.listen (C:\Users\Hp\Desktop\PAYLOOM INSTANTS\backend\node_modules\express\lib\application.js:635:24)
    at startServer (C:\Users\Hp\Desktop\PAYLOOM INSTANTS\backend\server.js:261:9)
Error: listen EADDRINUSE: address already in use :::3000
    at Server.setupListenHandle [as _listen2] (node:net:1940:16)
    at listenInCluster (node:net:1997:12)
    at Server.listen (node:net:2102:7)
    at app.listen (C:\Users\Hp\Desktop\PAYLOOM INSTANTS\backend\node_modules\express\lib\application.js:635:24)
    at startServer (C:\Users\Hp\Desktop\PAYLOOM INSTANTS\backend\server.js:261:9)
{
  "error": {
    "code": "EADDRINUSE",
    "errno": -4091,
    "syscall": "listen",
    "address": "::",
    "port": 3000
  },
  "exception": true,
  "date": "Thu Feb 05 2026 13:11:02 GMT+0300 (East Africa Time)",
  "process": {
    "pid": 29768,
    "uid": null,
    "gid": null,
    "cwd": "C:\\Users\\Hp\\Desktop\\PAYLOOM INSTANTS\\backend",
    "execPath": "C:\\Program Files\\nodejs\\node.exe",
    "version": "v24.12.0",
    "argv": [
      "C:\\Program Files\\nodejs\\node.exe",
      "C:\\Users\\Hp\\Desktop\\PAYLOOM INSTANTS\\backend\\server.js"
    ],
    "memoryUsage": {
      "rss": 87130112,
      "heapTotal": 34373632,
      "heapUsed": 30903168,
      "external": 21947175,
      "arrayBuffers": 18281701
    }
  },
  "os": {
    "loadavg": [
      0,
      0,
      0
    ],
    "uptime": 161959.703
  },
  "trace": [
    {
      "column": 16,
      "file": "node:net",
      "function": "Server.setupListenHandle [as _listen2]",
      "line": 1940,
      "method": "setupListenHandle [as _listen2]",
      "native": false
    },
    {
      "column": 12,
      "file": "node:net",
      "function": "listenInCluster",
      "line": 1997,
      "method": null,
      "native": false
    },
    {
      "column": 7,
      "file": "node:net",
      "function": "Server.listen",
      "line": 2102,
      "method": "listen",
      "native": false
    },
    {
      "column": 24,
      "file": "C:\\Users\\Hp\\Desktop\\PAYLOOM INSTANTS\\backend\\node_modules\\express\\lib\\application.js",
      "function": "app.listen",
      "line": 635,
      "method": "listen",
      "native": false
    },
    {
      "column": 9,
      "file": "C:\\Users\\Hp\\Desktop\\PAYLOOM INSTANTS\\backend\\server.js",
      "function": "startServer",
      "line": 261,
      "method": null,
      "native": false
    }
  ],
  "service": "payloom-api"
}
2026-02-05 13:14:37 [ERROR]: uncaughtException: Unexpected token ':'
C:\Users\Hp\Desktop\PAYLOOM INSTANTS\backend\src\controllers\authController.js:103
        mode: user.mode,
            ^

SyntaxError: Unexpected token ':'
    at wrapSafe (node:internal/modules/cjs/loader:1692:18)
    at Module._compile (node:internal/modules/cjs/loader:1735:20)
    at Object..js (node:internal/modules/cjs/loader:1893:10)
    at Module.load (node:internal/modules/cjs/loader:1481:32)
    at Module._load (node:internal/modules/cjs/loader:1300:12)
    at TracingChannel.traceSync (node:diagnostics_channel:328:14)
    at wrapModuleLoad (node:internal/modules/cjs/loader:245:24)
    at Module.require (node:internal/modules/cjs/loader:1504:12)
    at require (node:internal/modules/helpers:152:16)
    at Object.<anonymous> (C:\Users\Hp\Desktop\PAYLOOM INSTANTS\backend\src\routes\auth.js:14:5)
C:\Users\Hp\Desktop\PAYLOOM INSTANTS\backend\src\controllers\authController.js:103
        mode: user.mode,
            ^

SyntaxError: Unexpected token ':'
    at wrapSafe (node:internal/modules/cjs/loader:1692:18)
    at Module._compile (node:internal/modules/cjs/loader:1735:20)
    at Object..js (node:internal/modules/cjs/loader:1893:10)
    at Module.load (node:internal/modules/cjs/loader:1481:32)
    at Module._load (node:internal/modules/cjs/loader:1300:12)
    at TracingChannel.traceSync (node:diagnostics_channel:328:14)
    at wrapModuleLoad (node:internal/modules/cjs/loader:245:24)
    at Module.require (node:internal/modules/cjs/loader:1504:12)
    at require (node:internal/modules/helpers:152:16)
    at Object.<anonymous> (C:\Users\Hp\Desktop\PAYLOOM INSTANTS\backend\src\routes\auth.js:14:5)
{
  "error": {},
  "exception": true,
  "date": "Thu Feb 05 2026 13:14:37 GMT+0300 (East Africa Time)",
  "process": {
    "pid": 28956,
    "uid": null,
    "gid": null,
    "cwd": "C:\\Users\\Hp\\Desktop\\PAYLOOM INSTANTS\\backend",
    "execPath": "C:\\Program Files\\nodejs\\node.exe",
    "version": "v24.12.0",
    "argv": [
      "C:\\Program Files\\nodejs\\node.exe",
      "C:\\Users\\Hp\\Desktop\\PAYLOOM INSTANTS\\backend\\server.js"
    ],
    "memoryUsage": {
      "rss": 92573696,
      "heapTotal": 57135104,
      "heapUsed": 22204552,
      "external": 20778407,
      "arrayBuffers": 18264735
    }
  },
  "os": {
    "loadavg": [
      0,
      0,
      0
    ],
    "uptime": 162174.203
  },
  "trace": [
    {
      "column": 18,
      "file": "node:internal/modules/cjs/loader",
      "function": "wrapSafe",
      "line": 1692,
      "method": null,
      "native": false
    },
    {
      "column": 20,
      "file": "node:internal/modules/cjs/loader",
      "function": "Module._compile",
      "line": 1735,
      "method": "_compile",
      "native": false
    },
    {
      "column": 10,
      "file": "node:internal/modules/cjs/loader",
      "function": "Object..js",
      "line": 1893,
      "method": ".js",
      "native": false
    },
    {
      "column": 32,
      "file": "node:internal/modules/cjs/loader",
      "function": "Module.load",
      "line": 1481,
      "method": "load",
      "native": false
    },
    {
      "column": 12,
      "file": "node:internal/modules/cjs/loader",
      "function": "Module._load",
      "line": 1300,
      "method": "_load",
      "native": false
    },
    {
      "column": 14,
      "file": "node:diagnostics_channel",
      "function": "TracingChannel.traceSync",
      "line": 328,
      "method": "traceSync",
      "native": false
    },
    {
      "column": 24,
      "file": "node:internal/modules/cjs/loader",
      "function": "wrapModuleLoad",
      "line": 245,
      "method": null,
      "native": false
    },
    {
      "column": 12,
      "file": "node:internal/modules/cjs/loader",
      "function": "Module.require",
      "line": 1504,
      "method": "require",
      "native": false
    },
    {
      "column": 16,
      "file": "node:internal/modules/helpers",
      "function": "require",
      "line": 152,
      "method": null,
      "native": false
    },
    {
      "column": 5,
      "file": "C:\\Users\\Hp\\Desktop\\PAYLOOM INSTANTS\\backend\\src\\routes\\auth.js",
      "function": null,
      "line": 14,
      "method": null,
      "native": false
    }
  ],
  "service": "payloom-api"
}
2026-02-05 13:28:20 [ERROR]: uncaughtException: listen EADDRINUSE: address already in use :::3000
Error: listen EADDRINUSE: address already in use :::3000
    at Server.setupListenHandle [as _listen2] (node:net:1940:16)
    at listenInCluster (node:net:1997:12)
    at Server.listen (node:net:2102:7)
    at app.listen (C:\Users\Hp\Desktop\PAYLOOM INSTANTS\backend\node_modules\express\lib\application.js:635:24)
    at startServer (C:\Users\Hp\Desktop\PAYLOOM INSTANTS\backend\server.js:261:9)
Error: listen EADDRINUSE: address already in use :::3000
    at Server.setupListenHandle [as _listen2] (node:net:1940:16)
    at listenInCluster (node:net:1997:12)
    at Server.listen (node:net:2102:7)
    at app.listen (C:\Users\Hp\Desktop\PAYLOOM INSTANTS\backend\node_modules\express\lib\application.js:635:24)
    at startServer (C:\Users\Hp\Desktop\PAYLOOM INSTANTS\backend\server.js:261:9)
{
  "error": {
    "code": "EADDRINUSE",
    "errno": -4091,
    "syscall": "listen",
    "address": "::",
    "port": 3000
  },
  "exception": true,
  "date": "Thu Feb 05 2026 13:28:20 GMT+0300 (East Africa Time)",
  "process": {
    "pid": 26912,
    "uid": null,
    "gid": null,
    "cwd": "C:\\Users\\Hp\\Desktop\\PAYLOOM INSTANTS\\backend",
    "execPath": "C:\\Program Files\\nodejs\\node.exe",
    "version": "v24.12.0",
    "argv": [
      "C:\\Program Files\\nodejs\\node.exe",
      "C:\\Users\\Hp\\Desktop\\PAYLOOM INSTANTS\\backend\\server.js"
    ],
    "memoryUsage": {
      "rss": 87998464,
      "heapTotal": 34373632,
      "heapUsed": 30852872,
      "external": 21947175,
      "arrayBuffers": 18281701
    }
  },
  "os": {
    "loadavg": [
      0,
      0,
      0
    ],
    "uptime": 162997.296
  },
  "trace": [
    {
      "column": 16,
      "file": "node:net",
      "function": "Server.setupListenHandle [as _listen2]",
      "line": 1940,
      "method": "setupListenHandle [as _listen2]",
      "native": false
    },
    {
      "column": 12,
      "file": "node:net",
      "function": "listenInCluster",
      "line": 1997,
      "method": null,
      "native": false
    },
    {
      "column": 7,
      "file": "node:net",
      "function": "Server.listen",
      "line": 2102,
      "method": "listen",
      "native": false
    },
    {
      "column": 24,
      "file": "C:\\Users\\Hp\\Desktop\\PAYLOOM INSTANTS\\backend\\node_modules\\express\\lib\\application.js",
      "function": "app.listen",
      "line": 635,
      "method": "listen",
      "native": false
    },
    {
      "column": 9,
      "file": "C:\\Users\\Hp\\Desktop\\PAYLOOM INSTANTS\\backend\\server.js",
      "function": "startServer",
      "line": 261,
      "method": null,
      "native": false
    }
  ],
  "service": "payloom-api"
}
2026-02-05 13:54:51 [ERROR]: uncaughtException: listen EADDRINUSE: address already in use :::3000
Error: listen EADDRINUSE: address already in use :::3000
    at Server.setupListenHandle [as _listen2] (node:net:1940:16)
    at listenInCluster (node:net:1997:12)
    at Server.listen (node:net:2102:7)
    at app.listen (C:\Users\Hp\Desktop\PAYLOOM INSTANTS\backend\node_modules\express\lib\application.js:635:24)
    at startServer (C:\Users\Hp\Desktop\PAYLOOM INSTANTS\backend\server.js:261:9)
Error: listen EADDRINUSE: address already in use :::3000
    at Server.setupListenHandle [as _listen2] (node:net:1940:16)
    at listenInCluster (node:net:1997:12)
    at Server.listen (node:net:2102:7)
    at app.listen (C:\Users\Hp\Desktop\PAYLOOM INSTANTS\backend\node_modules\express\lib\application.js:635:24)
    at startServer (C:\Users\Hp\Desktop\PAYLOOM INSTANTS\backend\server.js:261:9)
{
  "error": {
    "code": "EADDRINUSE",
    "errno": -4091,
    "syscall": "listen",
    "address": "::",
    "port": 3000
  },
  "exception": true,
  "date": "Thu Feb 05 2026 13:54:51 GMT+0300 (East Africa Time)",
  "process": {
    "pid": 25348,
    "uid": null,
    "gid": null,
    "cwd": "C:\\Users\\Hp\\Desktop\\PAYLOOM INSTANTS\\backend",
    "execPath": "C:\\Program Files\\nodejs\\node.exe",
    "version": "v24.12.0",
    "argv": [
      "C:\\Program Files\\nodejs\\node.exe",
      "C:\\Users\\Hp\\Desktop\\PAYLOOM INSTANTS\\backend\\server.js"
    ],
    "memoryUsage": {
      "rss": 92540928,
      "heapTotal": 33325056,
      "heapUsed": 31615432,
      "external": 21965959,
      "arrayBuffers": 18289593
    }
  },
  "os": {
    "loadavg": [
      0,
      0,
      0
    ],
    "uptime": 164587.984
  },
  "trace": [
    {
      "column": 16,
      "file": "node:net",
      "function": "Server.setupListenHandle [as _listen2]",
      "line": 1940,
      "method": "setupListenHandle [as _listen2]",
      "native": false
    },
    {
      "column": 12,
      "file": "node:net",
      "function": "listenInCluster",
      "line": 1997,
      "method": null,
      "native": false
    },
    {
      "column": 7,
      "file": "node:net",
      "function": "Server.listen",
      "line": 2102,
      "method": "listen",
      "native": false
    },
    {
      "column": 24,
      "file": "C:\\Users\\Hp\\Desktop\\PAYLOOM INSTANTS\\backend\\node_modules\\express\\lib\\application.js",
      "function": "app.listen",
      "line": 635,
      "method": "listen",
      "native": false
    },
    {
      "column": 9,
      "file": "C:\\Users\\Hp\\Desktop\\PAYLOOM INSTANTS\\backend\\server.js",
      "function": "startServer",
      "line": 261,
      "method": null,
      "native": false
    }
  ],
  "service": "payloom-api"
}
2026-02-05 14:01:44 [ERROR]: uncaughtException: listen EADDRINUSE: address already in use :::3000
Error: listen EADDRINUSE: address already in use :::3000
    at Server.setupListenHandle [as _listen2] (node:net:1940:16)
    at listenInCluster (node:net:1997:12)
    at Server.listen (node:net:2102:7)
    at app.listen (C:\Users\Hp\Desktop\PAYLOOM INSTANTS\backend\node_modules\express\lib\application.js:635:24)
    at startServer (C:\Users\Hp\Desktop\PAYLOOM INSTANTS\backend\server.js:261:9)
Error: listen EADDRINUSE: address already in use :::3000
    at Server.setupListenHandle [as _listen2] (node:net:1940:16)
    at listenInCluster (node:net:1997:12)
    at Server.listen (node:net:2102:7)
    at app.listen (C:\Users\Hp\Desktop\PAYLOOM INSTANTS\backend\node_modules\express\lib\application.js:635:24)
    at startServer (C:\Users\Hp\Desktop\PAYLOOM INSTANTS\backend\server.js:261:9)
{
  "error": {
    "code": "EADDRINUSE",
    "errno": -4091,
    "syscall": "listen",
    "address": "::",
    "port": 3000
  },
  "exception": true,
  "date": "Thu Feb 05 2026 14:01:44 GMT+0300 (East Africa Time)",
  "process": {
    "pid": 28792,
    "uid": null,
    "gid": null,
    "cwd": "C:\\Users\\Hp\\Desktop\\PAYLOOM INSTANTS\\backend",
    "execPath": "C:\\Program Files\\nodejs\\node.exe",
    "version": "v24.12.0",
    "argv": [
      "C:\\Program Files\\nodejs\\node.exe",
      "C:\\Users\\Hp\\Desktop\\PAYLOOM INSTANTS\\backend\\server.js"
    ],
    "memoryUsage": {
      "rss": 88551424,
      "heapTotal": 33587200,
      "heapUsed": 30953976,
      "external": 21947175,
      "arrayBuffers": 18281701
    }
  },
  "os": {
    "loadavg": [
      0,
      0,
      0
    ],
    "uptime": 165001.421
  },
  "trace": [
    {
      "column": 16,
      "file": "node:net",
      "function": "Server.setupListenHandle [as _listen2]",
      "line": 1940,
      "method": "setupListenHandle [as _listen2]",
      "native": false
    },
    {
      "column": 12,
      "file": "node:net",
      "function": "listenInCluster",
      "line": 1997,
      "method": null,
      "native": false
    },
    {
      "column": 7,
      "file": "node:net",
      "function": "Server.listen",
      "line": 2102,
      "method": "listen",
      "native": false
    },
    {
      "column": 24,
      "file": "C:\\Users\\Hp\\Desktop\\PAYLOOM INSTANTS\\backend\\node_modules\\express\\lib\\application.js",
      "function": "app.listen",
      "line": 635,
      "method": "listen",
      "native": false
    },
    {
      "column": 9,
      "file": "C:\\Users\\Hp\\Desktop\\PAYLOOM INSTANTS\\backend\\server.js",
      "function": "startServer",
      "line": 261,
      "method": null,
      "native": false
    }
  ],
  "service": "payloom-api"
}
2026-02-05 14:14:43 [ERROR]: uncaughtException: listen EADDRINUSE: address already in use :::3000
Error: listen EADDRINUSE: address already in use :::3000
    at Server.setupListenHandle [as _listen2] (node:net:1940:16)
    at listenInCluster (node:net:1997:12)
    at Server.listen (node:net:2102:7)
    at app.listen (C:\Users\Hp\Desktop\PAYLOOM INSTANTS\backend\node_modules\express\lib\application.js:635:24)
    at startServer (C:\Users\Hp\Desktop\PAYLOOM INSTANTS\backend\server.js:261:9)
Error: listen EADDRINUSE: address already in use :::3000
    at Server.setupListenHandle [as _listen2] (node:net:1940:16)
    at listenInCluster (node:net:1997:12)
    at Server.listen (node:net:2102:7)
    at app.listen (C:\Users\Hp\Desktop\PAYLOOM INSTANTS\backend\node_modules\express\lib\application.js:635:24)
    at startServer (C:\Users\Hp\Desktop\PAYLOOM INSTANTS\backend\server.js:261:9)
{
  "error": {
    "code": "EADDRINUSE",
    "errno": -4091,
    "syscall": "listen",
    "address": "::",
    "port": 3000
  },
  "exception": true,
  "date": "Thu Feb 05 2026 14:14:43 GMT+0300 (East Africa Time)",
  "process": {
    "pid": 21692,
    "uid": null,
    "gid": null,
    "cwd": "C:\\Users\\Hp\\Desktop\\PAYLOOM INSTANTS\\backend",
    "execPath": "C:\\Program Files\\nodejs\\node.exe",
    "version": "v24.12.0",
    "argv": [
      "C:\\Program Files\\nodejs\\node.exe",
      "C:\\Users\\Hp\\Desktop\\PAYLOOM INSTANTS\\backend\\server.js"
    ],
    "memoryUsage": {
      "rss": 87805952,
      "heapTotal": 34373632,
      "heapUsed": 30913920,
      "external": 21947175,
      "arrayBuffers": 18281701
    }
  },
  "os": {
    "loadavg": [
      0,
      0,
      0
    ],
    "uptime": 165780.64
  },
  "trace": [
    {
      "column": 16,
      "file": "node:net",
      "function": "Server.setupListenHandle [as _listen2]",
      "line": 1940,
      "method": "setupListenHandle [as _listen2]",
      "native": false
    },
    {
      "column": 12,
      "file": "node:net",
      "function": "listenInCluster",
      "line": 1997,
      "method": null,
      "native": false
    },
    {
      "column": 7,
      "file": "node:net",
      "function": "Server.listen",
      "line": 2102,
      "method": "listen",
      "native": false
    },
    {
      "column": 24,
      "file": "C:\\Users\\Hp\\Desktop\\PAYLOOM INSTANTS\\backend\\node_modules\\express\\lib\\application.js",
      "function": "app.listen",
      "line": 635,
      "method": "listen",
      "native": false
    },
    {
      "column": 9,
      "file": "C:\\Users\\Hp\\Desktop\\PAYLOOM INSTANTS\\backend\\server.js",
      "function": "startServer",
      "line": 261,
      "method": null,
      "native": false
    }
  ],
  "service": "payloom-api"
}
